# JRE version: Java(TM) SE Runtime Environment (8.0_73-b02) (build 1.8.0_73-b02)
# Java VM: Java HotSpot(TM) 64-Bit Server VM (25.73-b02 mixed mode bsd-amd64 compressed oops)
Heap:
 PSYoungGen      total 76288K, used 21947K [0x000000076ab00000, 0x0000000770000000, 0x00000007c0000000)
  eden space 65536K, 17% used [0x000000076ab00000,0x000000076b5f87f0,0x000000076eb00000)
  from space 10752K, 99% used [0x000000076f580000,0x000000076fff6520,0x0000000770000000)
  to   space 10752K, 0% used [0x000000076eb00000,0x000000076eb00000,0x000000076f580000)
 ParOldGen       total 85504K, used 14448K [0x00000006c0000000, 0x00000006c5380000, 0x000000076ab00000)
  object space 85504K, 16% used [0x00000006c0000000,0x00000006c0e1c098,0x00000006c5380000)
 Metaspace       used 27717K, capacity 28512K, committed 28848K, reserved 1075200K
  class space    used 3455K, capacity 3658K, committed 3760K, reserved 1048576K
GC Heap History (10 events):
Event: 18.007 GC heap before
{Heap before GC invocations=1 (full 0):
 PSYoungGen      total 76288K, used 65536K [0x000000076ab00000, 0x0000000770000000, 0x00000007c0000000)
  eden space 65536K, 100% used [0x000000076ab00000,0x000000076eb00000,0x000000076eb00000)
  from space 10752K, 0% used [0x000000076f580000,0x000000076f580000,0x0000000770000000)
  to   space 10752K, 0% used [0x000000076eb00000,0x000000076eb00000,0x000000076f580000)
 ParOldGen       total 175104K, used 0K [0x00000006c0000000, 0x00000006cab00000, 0x000000076ab00000)
  object space 175104K, 0% used [0x00000006c0000000,0x00000006c0000000,0x00000006cab00000)
 Metaspace       used 19571K, capacity 19762K, committed 20096K, reserved 1067008K
  class space    used 2571K, capacity 2651K, committed 2688K, reserved 1048576K
Event: 18.024 GC heap after
Heap after GC invocations=1 (full 0):
 PSYoungGen      total 76288K, used 10751K [0x000000076ab00000, 0x0000000770000000, 0x00000007c0000000)
  eden space 65536K, 0% used [0x000000076ab00000,0x000000076ab00000,0x000000076eb00000)
  from space 10752K, 99% used [0x000000076eb00000,0x000000076f57fcd8,0x000000076f580000)
  to   space 10752K, 0% used [0x000000076f580000,0x000000076f580000,0x0000000770000000)
 ParOldGen       total 175104K, used 5010K [0x00000006c0000000, 0x00000006cab00000, 0x000000076ab00000)
  object space 175104K, 2% used [0x00000006c0000000,0x00000006c04e48a8,0x00000006cab00000)
 Metaspace       used 19571K, capacity 19762K, committed 20096K, reserved 1067008K
  class space    used 2571K, capacity 2651K, committed 2688K, reserved 1048576K
}
Event: 30.073 GC heap before
{Heap before GC invocations=2 (full 0):
 PSYoungGen      total 76288K, used 30601K [0x000000076ab00000, 0x0000000770000000, 0x00000007c0000000)
  eden space 65536K, 30% used [0x000000076ab00000,0x000000076be62750,0x000000076eb00000)
  from space 10752K, 99% used [0x000000076eb00000,0x000000076f57fcd8,0x000000076f580000)
  to   space 10752K, 0% used [0x000000076f580000,0x000000076f580000,0x0000000770000000)
 ParOldGen       total 175104K, used 5010K [0x00000006c0000000, 0x00000006cab00000, 0x000000076ab00000)
  object space 175104K, 2% used [0x00000006c0000000,0x00000006c04e48a8,0x00000006cab00000)
 Metaspace       used 20936K, capacity 21170K, committed 21296K, reserved 1067008K
  class space    used 2749K, capacity 2855K, committed 2864K, reserved 1048576K
Event: 30.082 GC heap after
Heap after GC invocations=2 (full 0):
 PSYoungGen      total 76288K, used 10741K [0x000000076ab00000, 0x0000000770000000, 0x00000007c0000000)
  eden space 65536K, 0% used [0x000000076ab00000,0x000000076ab00000,0x000000076eb00000)
  from space 10752K, 99% used [0x000000076f580000,0x000000076fffd5a8,0x0000000770000000)
  to   space 10752K, 0% used [0x000000076eb00000,0x000000076eb00000,0x000000076f580000)
 ParOldGen       total 175104K, used 7442K [0x00000006c0000000, 0x00000006cab00000, 0x000000076ab00000)
  object space 175104K, 4% used [0x00000006c0000000,0x00000006c07448e0,0x00000006cab00000)
 Metaspace       used 20936K, capacity 21170K, committed 21296K, reserved 1067008K
  class space    used 2749K, capacity 2855K, committed 2864K, reserved 1048576K
}
Event: 30.082 GC heap before
{Heap before GC invocations=3 (full 1):
 PSYoungGen      total 76288K, used 10741K [0x000000076ab00000, 0x0000000770000000, 0x00000007c0000000)
  eden space 65536K, 0% used [0x000000076ab00000,0x000000076ab00000,0x000000076eb00000)
  from space 10752K, 99% used [0x000000076f580000,0x000000076fffd5a8,0x0000000770000000)
  to   space 10752K, 0% used [0x000000076eb00000,0x000000076eb00000,0x000000076f580000)
 ParOldGen       total 175104K, used 7442K [0x00000006c0000000, 0x00000006cab00000, 0x000000076ab00000)
  object space 175104K, 4% used [0x00000006c0000000,0x00000006c07448e0,0x00000006cab00000)
 Metaspace       used 20936K, capacity 21170K, committed 21296K, reserved 1067008K
  class space    used 2749K, capacity 2855K, committed 2864K, reserved 1048576K
Event: 30.114 GC heap after
Heap after GC invocations=3 (full 1):
 PSYoungGen      total 76288K, used 0K [0x000000076ab00000, 0x0000000770000000, 0x00000007c0000000)
  eden space 65536K, 0% used [0x000000076ab00000,0x000000076ab00000,0x000000076eb00000)
  from space 10752K, 0% used [0x000000076f580000,0x000000076f580000,0x0000000770000000)
  to   space 10752K, 0% used [0x000000076eb00000,0x000000076eb00000,0x000000076f580000)
 ParOldGen       total 85504K, used 14040K [0x00000006c0000000, 0x00000006c5380000, 0x000000076ab00000)
  object space 85504K, 16% used [0x00000006c0000000,0x00000006c0db61d8,0x00000006c5380000)
 Metaspace       used 20936K, capacity 21170K, committed 21296K, reserved 1067008K
  class space    used 2749K, capacity 2855K, committed 2864K, reserved 1048576K
}
Event: 753.662 GC heap before
{Heap before GC invocations=4 (full 1):
 PSYoungGen      total 76288K, used 65536K [0x000000076ab00000, 0x0000000770000000, 0x00000007c0000000)
  eden space 65536K, 100% used [0x000000076ab00000,0x000000076eb00000,0x000000076eb00000)
  from space 10752K, 0% used [0x000000076f580000,0x000000076f580000,0x0000000770000000)
  to   space 10752K, 0% used [0x000000076eb00000,0x000000076eb00000,0x000000076f580000)
 ParOldGen       total 85504K, used 14040K [0x00000006c0000000, 0x00000006c5380000, 0x000000076ab00000)
  object space 85504K, 16% used [0x00000006c0000000,0x00000006c0db61d8,0x00000006c5380000)
 Metaspace       used 26422K, capacity 27216K, committed 27440K, reserved 1073152K
  class space    used 3396K, capacity 3556K, committed 3632K, reserved 1048576K
Event: 753.667 GC heap after
Heap after GC invocations=4 (full 1):
 PSYoungGen      total 76288K, used 9004K [0x000000076ab00000, 0x0000000770000000, 0x00000007c0000000)
  eden space 65536K, 0% used [0x000000076ab00000,0x000000076ab00000,0x000000076eb00000)
  from space 10752K, 83% used [0x000000076eb00000,0x000000076f3cb028,0x000000076f580000)
  to   space 10752K, 0% used [0x000000076f580000,0x000000076f580000,0x0000000770000000)
 ParOldGen       total 85504K, used 14048K [0x00000006c0000000, 0x00000006c5380000, 0x000000076ab00000)
  object space 85504K, 16% used [0x00000006c0000000,0x00000006c0db81d8,0x00000006c5380000)
 Metaspace       used 26422K, capacity 27216K, committed 27440K, reserved 1073152K
  class space    used 3396K, capacity 3556K, committed 3632K, reserved 1048576K
}
Event: 4814.201 GC heap before
{Heap before GC invocations=5 (full 1):
 PSYoungGen      total 76288K, used 74540K [0x000000076ab00000, 0x0000000770000000, 0x00000007c0000000)
  eden space 65536K, 100% used [0x000000076ab00000,0x000000076eb00000,0x000000076eb00000)
  from space 10752K, 83% used [0x000000076eb00000,0x000000076f3cb028,0x000000076f580000)
  to   space 10752K, 0% used [0x000000076f580000,0x000000076f580000,0x0000000770000000)
 ParOldGen       total 85504K, used 14048K [0x00000006c0000000, 0x00000006c5380000, 0x000000076ab00000)
  object space 85504K, 16% used [0x00000006c0000000,0x00000006c0db81d8,0x00000006c5380000)
 Metaspace       used 27523K, capacity 28372K, committed 28592K, reserved 1075200K
  class space    used 3449K, capacity 3656K, committed 3760K, reserved 1048576K
Event: 4814.230 GC heap after
Heap after GC invocations=5 (full 1):
 PSYoungGen      total 76288K, used 10713K [0x000000076ab00000, 0x0000000770000000, 0x00000007c0000000)
  eden space 65536K, 0% used [0x000000076ab00000,0x000000076ab00000,0x000000076eb00000)
  from space 10752K, 99% used [0x000000076f580000,0x000000076fff6520,0x0000000770000000)
  to   space 10752K, 0% used [0x000000076eb00000,0x000000076eb00000,0x000000076f580000)
 ParOldGen       total 85504K, used 14448K [0x00000006c0000000, 0x00000006c5380000, 0x000000076ab00000)
  object space 85504K, 16% used [0x00000006c0000000,0x00000006c0e1c098,0x00000006c5380000)
 Metaspace       used 27523K, capacity 28372K, committed 28592K, reserved 1075200K
  class space    used 3449K, capacity 3656K, committed 3760K, reserved 1048576K
}

